This is pdfTeX, Version 3.1415926-2.5-1.40.14 (MiKTeX 2.9 64-bit) (preloaded format=pdflatex 2015.2.26)  18 MAR 2016 18:51
entering extended mode
**Conlang*questions.tex
("C:\Users\xrain_000\Documents\morphosyntax\Conlang questions.tex"
LaTeX2e <2011/06/27>
Babel <v3.8m> and hyphenation patterns for english, afrikaans, ancientgreek, ar
abic, armenian, assamese, basque, bengali, bokmal, bulgarian, catalan, coptic, 
croatian, czech, danish, dutch, esperanto, estonian, farsi, finnish, french, ga
lician, german, german-x-2013-05-26, greek, gujarati, hindi, hungarian, iceland
ic, indonesian, interlingua, irish, italian, kannada, kurmanji, latin, latvian,
 lithuanian, malayalam, marathi, mongolian, mongolianlmc, monogreek, ngerman, n
german-x-2013-05-26, nynorsk, oriya, panjabi, pinyin, polish, portuguese, roman
ian, russian, sanskrit, serbian, slovak, slovenian, spanish, swedish, swissgerm
an, tamil, telugu, turkish, turkmen, ukenglish, ukrainian, uppersorbian, usengl
ishmax, welsh, loaded.
("C:\Program Files\MiKTeX 2.9\tex\latex\koma-script\scrartcl.cls"
Document Class: scrartcl 2013/12/19 v3.12 KOMA-Script document class (article)
("C:\Program Files\MiKTeX 2.9\tex\latex\koma-script\scrkbase.sty"
Package: scrkbase 2013/12/19 v3.12 KOMA-Script package (KOMA-Script-dependent b
asics and keyval usage)

("C:\Program Files\MiKTeX 2.9\tex\latex\koma-script\scrbase.sty"
Package: scrbase 2013/12/19 v3.12 KOMA-Script package (KOMA-Script-independent 
basics and keyval usage)

("C:\Program Files\MiKTeX 2.9\tex\latex\graphics\keyval.sty"
Package: keyval 1999/03/16 v1.13 key=value parser (DPC)
\KV@toks@=\toks14
)
("C:\Program Files\MiKTeX 2.9\tex\latex\koma-script\scrlfile.sty"
Package: scrlfile 2013/12/19 v3.12 KOMA-Script package (loading files)

Package scrlfile, 2013/12/19 v3.12 KOMA-Script package (loading files)
                  Copyright (C) Markus Kohm

))) ("C:\Program Files\MiKTeX 2.9\tex\latex\koma-script\tocbasic.sty"
Package: tocbasic 2013/12/19 v3.12 KOMA-Script package (handling toc-files)
)
Package tocbasic Info: omitting babel extension for `toc'
(tocbasic)             because of feature `nobabel' available
(tocbasic)             for `toc' on input line 115.
Package tocbasic Info: omitting babel extension for `lof'
(tocbasic)             because of feature `nobabel' available
(tocbasic)             for `lof' on input line 116.
Package tocbasic Info: omitting babel extension for `lot'
(tocbasic)             because of feature `nobabel' available
(tocbasic)             for `lot' on input line 117.
Package scrbase Info: Unknown processing state.
(scrbase)             Processing option `twocolumn'
(scrbase)             of member `.scrartcl.cls' of family
(scrbase)             `KOMA' doesn't set
(scrbase)             a valid state. This will be interpreted
(scrbase)             as \FamilyKeyStateProcessed on input line 1150.
Class scrartcl Info: File `scrsize11pt.clo' used instead of
(scrartcl)           file `scrsize11.clo' to setup font sizes on input line 153
1.

("C:\Program Files\MiKTeX 2.9\tex\latex\koma-script\scrsize11pt.clo"
File: scrsize11pt.clo 2013/12/19 v3.12 KOMA-Script font size class option (11pt
)
)
("C:\Program Files\MiKTeX 2.9\tex\latex\koma-script\typearea.sty"
Package: typearea 2013/12/19 v3.12 KOMA-Script package (type area)

Package typearea, 2013/12/19 v3.12 KOMA-Script package (type area)
                  Copyright (C) Frank Neukam, 1992-1994
                  Copyright (C) Markus Kohm, 1994-

\ta@bcor=\skip41
\ta@div=\count79
\ta@hblk=\skip42
\ta@vblk=\skip43
\ta@temp=\skip44
\footheight=\skip45

Package typearea Warning: Maybe no optimal type area settings!
(typearea)                The maximum limit of line width is about 40%
(typearea)                larger than the heuristically detected line width.
(typearea)                You may e.g. increase DIV, decrease fontsize
(typearea)                or change the papersize.

Package typearea Info: These are the values describing the layout:
(typearea)             DIV  = 10
(typearea)             BCOR = 0.0pt
(typearea)             \paperwidth      = 597.50793pt
(typearea)              \textwidth      = 418.25555pt
(typearea)              DIV departure   = 40%
(typearea)              \evensidemargin = 17.3562pt
(typearea)              \oddsidemargin  = 17.3562pt
(typearea)             \paperheight     = 845.04694pt
(typearea)              \textheight     = 595.80026pt
(typearea)              \topmargin      = -25.16531pt
(typearea)              \headheight     = 17.0pt
(typearea)              \headsep        = 20.40001pt
(typearea)              \topskip        = 11.0pt
(typearea)              \footskip       = 47.6pt
(typearea)              \baselineskip   = 13.6pt
(typearea)              on input line 1330.
)
\c@part=\count80
\c@section=\count81
\c@subsection=\count82
\c@subsubsection=\count83
\c@paragraph=\count84
\c@subparagraph=\count85
\abovecaptionskip=\skip46
\belowcaptionskip=\skip47
\c@pti@nb@sid@b@x=\box26
\c@figure=\count86
\c@table=\count87
\bibindent=\dimen102
) ("C:\Program Files\MiKTeX 2.9\tex\latex\enumitem\enumitem.sty"
Package: enumitem 2011/09/28 v3.5.2 Customized lists
\labelindent=\skip48
\enit@outerparindent=\dimen103
\enit@toks=\toks15
\enit@inbox=\box27
\enitdp@description=\count88
)
("C:\Program Files\MiKTeX 2.9\tex\latex\wrapfig\wrapfig.sty"
\wrapoverhang=\dimen104
\WF@size=\dimen105
\c@WF@wrappedlines=\count89
\WF@box=\box28
\WF@everypar=\toks16
Package: wrapfig 2003/01/31  v 3.6
)
("C:\Program Files\MiKTeX 2.9\tex\latex\graphics\color.sty"
Package: color 2005/11/14 v1.0j Standard LaTeX Color (DPC)

("C:\Program Files\MiKTeX 2.9\tex\latex\00miktex\color.cfg"
File: color.cfg 2007/01/18 v1.5 color configuration of teTeX/TeXLive
)
Package color Info: Driver file: pdftex.def on input line 130.

("C:\Program Files\MiKTeX 2.9\tex\latex\pdftex-def\pdftex.def"
File: pdftex.def 2011/05/27 v0.06d Graphics/color for pdfTeX

("C:\Program Files\MiKTeX 2.9\tex\generic\oberdiek\infwarerr.sty"
Package: infwarerr 2010/04/08 v1.3 Providing info/warning/error messages (HO)
)
("C:\Program Files\MiKTeX 2.9\tex\generic\oberdiek\ltxcmds.sty"
Package: ltxcmds 2011/11/09 v1.22 LaTeX kernel commands for general use (HO)
)
\Gread@gobject=\count90
))
("C:\Program Files\MiKTeX 2.9\tex\latex\todonotes\todonotes.sty"
Package: todonotes 2012/07/25 .dtx Todonotes source and documentation.
Package: todonotes 2012/07/25

("C:\Program Files\MiKTeX 2.9\tex\latex\base\ifthen.sty"
Package: ifthen 2001/05/26 v1.1c Standard LaTeX ifthen package (DPC)
)
("C:\Program Files\MiKTeX 2.9\tex\latex\xkeyval\xkeyval.sty"
Package: xkeyval 2012/10/14 v2.6b package option processing (HA)

("C:\Program Files\MiKTeX 2.9\tex\generic\xkeyval\xkeyval.tex"
\XKV@toks=\toks17
\XKV@tempa@toks=\toks18
\XKV@depth=\count91
File: xkeyval.tex 2012/10/14 v2.6b key=value parser (HA)
))
("C:\Program Files\MiKTeX 2.9\tex\latex\xcolor\xcolor.sty"
Package: xcolor 2007/01/21 v2.11 LaTeX color extensions (UK)

("C:\Program Files\MiKTeX 2.9\tex\latex\00miktex\color.cfg"
File: color.cfg 2007/01/18 v1.5 color configuration of teTeX/TeXLive
)
Package xcolor Info: Driver file: pdftex.def on input line 225.
LaTeX Info: Redefining \color on input line 702.
Package xcolor Info: Model `cmy' substituted by `cmy0' on input line 1337.
Package xcolor Info: Model `hsb' substituted by `rgb' on input line 1341.
Package xcolor Info: Model `RGB' extended on input line 1353.
Package xcolor Info: Model `HTML' substituted by `rgb' on input line 1355.
Package xcolor Info: Model `Hsb' substituted by `hsb' on input line 1356.
Package xcolor Info: Model `tHsb' substituted by `hsb' on input line 1357.
Package xcolor Info: Model `HSB' substituted by `hsb' on input line 1358.
Package xcolor Info: Model `Gray' substituted by `gray' on input line 1359.
Package xcolor Info: Model `wave' substituted by `hsb' on input line 1360.
)
("C:\Program Files\MiKTeX 2.9\tex\latex\pgf\frontendlayer\tikz.sty"
("C:\Program Files\MiKTeX 2.9\tex\latex\pgf\basiclayer\pgf.sty"
("C:\Program Files\MiKTeX 2.9\tex\latex\pgf\utilities\pgfrcs.sty"
("C:\Program Files\MiKTeX 2.9\tex\generic\pgf\utilities\pgfutil-common.tex"
\pgfutil@everybye=\toks19
)
("C:\Program Files\MiKTeX 2.9\tex\generic\pgf\utilities\pgfutil-latex.def"
\pgfutil@abb=\box29

("C:\Program Files\MiKTeX 2.9\tex\latex\ms\everyshi.sty"
Package: everyshi 2001/05/15 v3.00 EveryShipout Package (MS)
))
("C:\Program Files\MiKTeX 2.9\tex\generic\pgf\utilities\pgfrcs.code.tex"
Package: pgfrcs 2010/10/25 v2.10 (rcs-revision 1.24)
))
Package: pgf 2008/01/15 v2.10 (rcs-revision 1.12)

("C:\Program Files\MiKTeX 2.9\tex\latex\pgf\basiclayer\pgfcore.sty"
("C:\Program Files\MiKTeX 2.9\tex\latex\graphics\graphicx.sty"
Package: graphicx 1999/02/16 v1.0f Enhanced LaTeX Graphics (DPC,SPQR)

("C:\Program Files\MiKTeX 2.9\tex\latex\graphics\graphics.sty"
Package: graphics 2009/02/05 v1.0o Standard LaTeX Graphics (DPC,SPQR)

("C:\Program Files\MiKTeX 2.9\tex\latex\graphics\trig.sty"
Package: trig 1999/03/16 v1.09 sin cos tan (DPC)
)
("C:\Program Files\MiKTeX 2.9\tex\latex\00miktex\graphics.cfg"
File: graphics.cfg 2007/01/18 v1.5 graphics configuration of teTeX/TeXLive
)
Package graphics Info: Driver file: pdftex.def on input line 91.
)
\Gin@req@height=\dimen106
\Gin@req@width=\dimen107
)
("C:\Program Files\MiKTeX 2.9\tex\latex\pgf\systemlayer\pgfsys.sty"
("C:\Program Files\MiKTeX 2.9\tex\generic\pgf\systemlayer\pgfsys.code.tex"
Package: pgfsys 2010/06/30 v2.10 (rcs-revision 1.37)

("C:\Program Files\MiKTeX 2.9\tex\generic\pgf\utilities\pgfkeys.code.tex"
\pgfkeys@pathtoks=\toks20
\pgfkeys@temptoks=\toks21

("C:\Program Files\MiKTeX 2.9\tex\generic\pgf\utilities\pgfkeysfiltered.code.te
x"
\pgfkeys@tmptoks=\toks22
))
\pgf@x=\dimen108
\pgf@y=\dimen109
\pgf@xa=\dimen110
\pgf@ya=\dimen111
\pgf@xb=\dimen112
\pgf@yb=\dimen113
\pgf@xc=\dimen114
\pgf@yc=\dimen115
\w@pgf@writea=\write3
\r@pgf@reada=\read1
\c@pgf@counta=\count92
\c@pgf@countb=\count93
\c@pgf@countc=\count94
\c@pgf@countd=\count95
 ("C:\Program Files\MiKTeX 2.9\tex\generic\pgf\systemlayer\pgf.cfg"
File: pgf.cfg 2008/05/14  (rcs-revision 1.7)
)
Package pgfsys Info: Driver file for pgf: pgfsys-pdftex.def on input line 900.

("C:\Program Files\MiKTeX 2.9\tex\generic\pgf\systemlayer\pgfsys-pdftex.def"
File: pgfsys-pdftex.def 2009/05/22  (rcs-revision 1.26)

("C:\Program Files\MiKTeX 2.9\tex\generic\pgf\systemlayer\pgfsys-common-pdf.def
"
File: pgfsys-common-pdf.def 2008/05/19  (rcs-revision 1.10)
)))
("C:\Program Files\MiKTeX 2.9\tex\generic\pgf\systemlayer\pgfsyssoftpath.code.t
ex"
File: pgfsyssoftpath.code.tex 2008/07/18  (rcs-revision 1.7)
\pgfsyssoftpath@smallbuffer@items=\count96
\pgfsyssoftpath@bigbuffer@items=\count97
)
("C:\Program Files\MiKTeX 2.9\tex\generic\pgf\systemlayer\pgfsysprotocol.code.t
ex"
File: pgfsysprotocol.code.tex 2006/10/16  (rcs-revision 1.4)
)) ("C:\Program Files\MiKTeX 2.9\tex\generic\pgf\basiclayer\pgfcore.code.tex"
Package: pgfcore 2010/04/11 v2.10 (rcs-revision 1.7)
 ("C:\Program Files\MiKTeX 2.9\tex\generic\pgf\math\pgfmath.code.tex"
("C:\Program Files\MiKTeX 2.9\tex\generic\pgf\math\pgfmathcalc.code.tex"
("C:\Program Files\MiKTeX 2.9\tex\generic\pgf\math\pgfmathutil.code.tex")
("C:\Program Files\MiKTeX 2.9\tex\generic\pgf\math\pgfmathparser.code.tex"
\pgfmath@dimen=\dimen116
\pgfmath@count=\count98
\pgfmath@box=\box30
\pgfmath@toks=\toks23
\pgfmath@stack@operand=\toks24
\pgfmath@stack@operation=\toks25
)
("C:\Program Files\MiKTeX 2.9\tex\generic\pgf\math\pgfmathfunctions.code.tex"
("C:\Program Files\MiKTeX 2.9\tex\generic\pgf\math\pgfmathfunctions.basic.code.
tex")
("C:\Program Files\MiKTeX 2.9\tex\generic\pgf\math\pgfmathfunctions.trigonometr
ic.code.tex")
("C:\Program Files\MiKTeX 2.9\tex\generic\pgf\math\pgfmathfunctions.random.code
.tex")
("C:\Program Files\MiKTeX 2.9\tex\generic\pgf\math\pgfmathfunctions.comparison.
code.tex")
("C:\Program Files\MiKTeX 2.9\tex\generic\pgf\math\pgfmathfunctions.base.code.t
ex")
("C:\Program Files\MiKTeX 2.9\tex\generic\pgf\math\pgfmathfunctions.round.code.
tex")
("C:\Program Files\MiKTeX 2.9\tex\generic\pgf\math\pgfmathfunctions.misc.code.t
ex"))) ("C:\Program Files\MiKTeX 2.9\tex\generic\pgf\math\pgfmathfloat.code.tex
"
\c@pgfmathroundto@lastzeros=\count99
))
("C:\Program Files\MiKTeX 2.9\tex\generic\pgf\basiclayer\pgfcorepoints.code.tex
"
File: pgfcorepoints.code.tex 2010/04/09  (rcs-revision 1.20)
\pgf@picminx=\dimen117
\pgf@picmaxx=\dimen118
\pgf@picminy=\dimen119
\pgf@picmaxy=\dimen120
\pgf@pathminx=\dimen121
\pgf@pathmaxx=\dimen122
\pgf@pathminy=\dimen123
\pgf@pathmaxy=\dimen124
\pgf@xx=\dimen125
\pgf@xy=\dimen126
\pgf@yx=\dimen127
\pgf@yy=\dimen128
\pgf@zx=\dimen129
\pgf@zy=\dimen130
)
("C:\Program Files\MiKTeX 2.9\tex\generic\pgf\basiclayer\pgfcorepathconstruct.c
ode.tex"
File: pgfcorepathconstruct.code.tex 2010/08/03  (rcs-revision 1.24)
\pgf@path@lastx=\dimen131
\pgf@path@lasty=\dimen132
)
("C:\Program Files\MiKTeX 2.9\tex\generic\pgf\basiclayer\pgfcorepathusage.code.
tex"
File: pgfcorepathusage.code.tex 2008/04/22  (rcs-revision 1.12)
\pgf@shorten@end@additional=\dimen133
\pgf@shorten@start@additional=\dimen134
)
("C:\Program Files\MiKTeX 2.9\tex\generic\pgf\basiclayer\pgfcorescopes.code.tex
"
File: pgfcorescopes.code.tex 2010/09/08  (rcs-revision 1.34)
\pgfpic=\box31
\pgf@hbox=\box32
\pgf@layerbox@main=\box33
\pgf@picture@serial@count=\count100
)
("C:\Program Files\MiKTeX 2.9\tex\generic\pgf\basiclayer\pgfcoregraphicstate.co
de.tex"
File: pgfcoregraphicstate.code.tex 2008/04/22  (rcs-revision 1.9)
\pgflinewidth=\dimen135
)
("C:\Program Files\MiKTeX 2.9\tex\generic\pgf\basiclayer\pgfcoretransformations
.code.tex"
File: pgfcoretransformations.code.tex 2009/06/10  (rcs-revision 1.11)
\pgf@pt@x=\dimen136
\pgf@pt@y=\dimen137
\pgf@pt@temp=\dimen138
)
("C:\Program Files\MiKTeX 2.9\tex\generic\pgf\basiclayer\pgfcorequick.code.tex"
File: pgfcorequick.code.tex 2008/10/09  (rcs-revision 1.3)
)
("C:\Program Files\MiKTeX 2.9\tex\generic\pgf\basiclayer\pgfcoreobjects.code.te
x"
File: pgfcoreobjects.code.tex 2006/10/11  (rcs-revision 1.2)
)
("C:\Program Files\MiKTeX 2.9\tex\generic\pgf\basiclayer\pgfcorepathprocessing.
code.tex"
File: pgfcorepathprocessing.code.tex 2008/10/09  (rcs-revision 1.8)
)
("C:\Program Files\MiKTeX 2.9\tex\generic\pgf\basiclayer\pgfcorearrows.code.tex
"
File: pgfcorearrows.code.tex 2008/04/23  (rcs-revision 1.11)
)
("C:\Program Files\MiKTeX 2.9\tex\generic\pgf\basiclayer\pgfcoreshade.code.tex"
File: pgfcoreshade.code.tex 2008/11/23  (rcs-revision 1.13)
\pgf@max=\dimen139
\pgf@sys@shading@range@num=\count101
) ("C:\Program Files\MiKTeX 2.9\tex\generic\pgf\basiclayer\pgfcoreimage.code.te
x"
File: pgfcoreimage.code.tex 2010/03/25  (rcs-revision 1.16)

("C:\Program Files\MiKTeX 2.9\tex\generic\pgf\basiclayer\pgfcoreexternal.code.t
ex"
File: pgfcoreexternal.code.tex 2010/09/01  (rcs-revision 1.17)
\pgfexternal@startupbox=\box34
))
("C:\Program Files\MiKTeX 2.9\tex\generic\pgf\basiclayer\pgfcorelayers.code.tex
"
File: pgfcorelayers.code.tex 2010/08/27  (rcs-revision 1.2)
)
("C:\Program Files\MiKTeX 2.9\tex\generic\pgf\basiclayer\pgfcoretransparency.co
de.tex"
File: pgfcoretransparency.code.tex 2008/01/17  (rcs-revision 1.2)
)
("C:\Program Files\MiKTeX 2.9\tex\generic\pgf\basiclayer\pgfcorepatterns.code.t
ex"
File: pgfcorepatterns.code.tex 2009/07/02  (rcs-revision 1.3)
)))
("C:\Program Files\MiKTeX 2.9\tex\generic\pgf\modules\pgfmoduleshapes.code.tex"
File: pgfmoduleshapes.code.tex 2010/09/09  (rcs-revision 1.13)
\pgfnodeparttextbox=\box35
) ("C:\Program Files\MiKTeX 2.9\tex\generic\pgf\modules\pgfmoduleplot.code.tex"
File: pgfmoduleplot.code.tex 2010/10/22  (rcs-revision 1.8)
)
("C:\Program Files\MiKTeX 2.9\tex\latex\pgf\compatibility\pgfcomp-version-0-65.
sty"
Package: pgfcomp-version-0-65 2007/07/03 v2.10 (rcs-revision 1.7)
\pgf@nodesepstart=\dimen140
\pgf@nodesepend=\dimen141
)
("C:\Program Files\MiKTeX 2.9\tex\latex\pgf\compatibility\pgfcomp-version-1-18.
sty"
Package: pgfcomp-version-1-18 2007/07/23 v2.10 (rcs-revision 1.1)
)) ("C:\Program Files\MiKTeX 2.9\tex\latex\pgf\utilities\pgffor.sty"
("C:\Program Files\MiKTeX 2.9\tex\latex\pgf\utilities\pgfkeys.sty"
("C:\Program Files\MiKTeX 2.9\tex\generic\pgf\utilities\pgfkeys.code.tex"))
("C:\Program Files\MiKTeX 2.9\tex\generic\pgf\utilities\pgffor.code.tex"
Package: pgffor 2010/03/23 v2.10 (rcs-revision 1.18)
\pgffor@iter=\dimen142
\pgffor@skip=\dimen143
\pgffor@stack=\toks26
\pgffor@toks=\toks27
))
("C:\Program Files\MiKTeX 2.9\tex\generic\pgf\frontendlayer\tikz\tikz.code.tex"
Package: tikz 2010/10/13 v2.10 (rcs-revision 1.76)

("C:\Program Files\MiKTeX 2.9\tex\generic\pgf\libraries\pgflibraryplothandlers.
code.tex"
File: pgflibraryplothandlers.code.tex 2010/05/31 v2.10 (rcs-revision 1.15)
\pgf@plot@mark@count=\count102
\pgfplotmarksize=\dimen144
)
\tikz@lastx=\dimen145
\tikz@lasty=\dimen146
\tikz@lastxsaved=\dimen147
\tikz@lastysaved=\dimen148
\tikzleveldistance=\dimen149
\tikzsiblingdistance=\dimen150
\tikz@figbox=\box36
\tikz@tempbox=\box37
\tikztreelevel=\count103
\tikznumberofchildren=\count104
\tikznumberofcurrentchild=\count105
\tikz@fig@count=\count106

("C:\Program Files\MiKTeX 2.9\tex\generic\pgf\modules\pgfmodulematrix.code.tex"
File: pgfmodulematrix.code.tex 2010/08/24  (rcs-revision 1.4)
\pgfmatrixcurrentrow=\count107
\pgfmatrixcurrentcolumn=\count108
\pgf@matrix@numberofcolumns=\count109
)
\tikz@expandcount=\count110

("C:\Program Files\MiKTeX 2.9\tex\generic\pgf\frontendlayer\tikz\libraries\tikz
librarytopaths.code.tex"
File: tikzlibrarytopaths.code.tex 2008/06/17 v2.10 (rcs-revision 1.2)
)))
("C:\Program Files\MiKTeX 2.9\tex\generic\pgf\frontendlayer\tikz\libraries\tikz
librarypositioning.code.tex"
File: tikzlibrarypositioning.code.tex 2008/10/06 v2.10 (rcs-revision 1.7)
)
("C:\Program Files\MiKTeX 2.9\tex\latex\tools\calc.sty"
Package: calc 2007/08/22 v4.3 Infix arithmetic (KKT,FJ)
\calc@Acount=\count111
\calc@Bcount=\count112
\calc@Adimen=\dimen151
\calc@Bdimen=\dimen152
\calc@Askip=\skip49
\calc@Bskip=\skip50
LaTeX Info: Redefining \setlength on input line 76.
LaTeX Info: Redefining \addtolength on input line 77.
\calc@Ccount=\count113
\calc@Cskip=\skip51
)
\c@@todonotes@numberoftodonotes=\count114
)
("C:\Program Files\MiKTeX 2.9\tex\latex\marginnote\marginnote.sty"
Package: marginnote 2012/03/29 v1.1i non floating margin notes for LaTeX
\c@mn@abspage=\count115
)
("C:\Users\xrain_000\Documents\morphosyntax\Conlang questions.aux")
LaTeX Font Info:    Checking defaults for OML/cmm/m/it on input line 12.
LaTeX Font Info:    ... okay on input line 12.
LaTeX Font Info:    Checking defaults for T1/cmr/m/n on input line 12.
LaTeX Font Info:    ... okay on input line 12.
LaTeX Font Info:    Checking defaults for OT1/cmr/m/n on input line 12.
LaTeX Font Info:    ... okay on input line 12.
LaTeX Font Info:    Checking defaults for OMS/cmsy/m/n on input line 12.
LaTeX Font Info:    ... okay on input line 12.
LaTeX Font Info:    Checking defaults for OMX/cmex/m/n on input line 12.
LaTeX Font Info:    ... okay on input line 12.
LaTeX Font Info:    Checking defaults for U/cmr/m/n on input line 12.
LaTeX Font Info:    ... okay on input line 12.

("C:\Program Files\MiKTeX 2.9\tex\context\base\supp-pdf.mkii"
[Loading MPS to PDF converter (version 2006.09.02).]
\scratchcounter=\count116
\scratchdimen=\dimen153
\scratchbox=\box38
\nofMPsegments=\count117
\nofMParguments=\count118
\everyMPshowfont=\toks28
\MPscratchCnt=\count119
\MPscratchDim=\dimen154
\MPnumerator=\count120
\makeMPintoPDFobject=\count121
\everyMPtoPDFconversion=\toks29
) ABD: EveryShipout initializing macros
Package marginnote Info: \pdfoutput not 0 and \pdflastxpos available.
(marginnote)             Extended position detection mode activated.
LaTeX Font Info:    External font `cmex10' loaded for size
(Font)              <14.4> on input line 15.
LaTeX Font Info:    External font `cmex10' loaded for size
(Font)              <7> on input line 15.

("C:\Users\xrain_000\Documents\morphosyntax\Conlang questions.toc"
LaTeX Font Info:    External font `cmex10' loaded for size
(Font)              <10.95> on input line 2.
LaTeX Font Info:    External font `cmex10' loaded for size
(Font)              <8> on input line 2.
LaTeX Font Info:    External font `cmex10' loaded for size
(Font)              <6> on input line 2.

Underfull \hbox (badness 1147) in paragraph at lines 13--13
 [][] []\OT1/cmr/m/n/10.95 Historical back-ground and 
 []


Underfull \hbox (badness 10000) in paragraph at lines 24--24
 [][] []\OT1/cmr/m/n/10.95 Adpositional phrases 
 []


Underfull \hbox (badness 1248) in paragraph at lines 33--33
 [][] []\OT1/cmr/m/n/10.95 Articles, de-ter-min-ers, and 
 []


Underfull \hbox (badness 1558) in paragraph at lines 37--37
 [][] [][]\OT1/cmss/bx/n/10.95 Predicate nom-i-nals and re-lated 
 []


Underfull \hbox (badness 10000) in paragraph at lines 39--39
 [][] []\OT1/cmr/m/n/10.95 Predicate ad-jec-tives (at- 
 []


Underfull \vbox (badness 7685) has occurred while \output is active []

 [1

{C:/ProgramData/MiKTeX/2.9/pdftex/config/pdftex.map}



])
\tf@toc=\write4

Underfull \vbox (badness 10000) has occurred while \output is active []

 [2

]
Underfull \hbox (badness 1259) in paragraph at lines 33--34
\OT1/cmr/m/n/10.95 i-nant and which are marginal-ized?
 []

[3

]
Underfull \hbox (badness 7451) in paragraph at lines 63--64
\OT1/cmr/m/n/10.95 is it dom-i-nantly "head-marking,"
 []


Overfull \hbox (17.25002pt too wide) in paragraph at lines 67--67
[]\OT1/cmr/bx/n/10.95 Distributional
 []


Underfull \hbox (badness 10000) in paragraph at lines 67--67
\OT1/cmr/bx/n/10.95 prop-er-ties:
 []


Underfull \hbox (badness 5077) in paragraph at lines 67--67
\OT1/cmr/m/n/10.95 How nouns
 []


Underfull \hbox (badness 10000) in paragraph at lines 67--67
\OT1/cmr/m/n/10.95 ap-pear in
 []


Underfull \hbox (badness 10000) in paragraph at lines 67--67
\OT1/cmr/m/n/10.95 phrases,
 []


Underfull \hbox (badness 2717) in paragraph at lines 67--67
\OT1/cmr/m/n/10.95 clauses and
 []


Underfull \hbox (badness 10000) in paragraph at lines 68--68
[]\OT1/cmr/bx/n/10.95 Structural
 []


Underfull \hbox (badness 10000) in paragraph at lines 68--68
\OT1/cmr/bx/n/10.95 prop-er-ties:
 []


Underfull \hbox (badness 10000) in paragraph at lines 68--68
\OT1/cmr/m/n/10.95 in-ter-nal
 []


Underfull \hbox (badness 1024) in paragraph at lines 68--68
\OT1/cmr/m/n/10.95 struc-ture of
 []


Underfull \hbox (badness 10000) in paragraph at lines 68--68
\OT1/cmr/m/n/10.95 the noun,
 []


Underfull \hbox (badness 5924) in paragraph at lines 68--68
\OT1/cmr/m/n/10.95 ie. case,
 []


Underfull \hbox (badness 10000) in paragraph at lines 68--68
\OT1/cmr/m/n/10.95 num-ber,
 []


LaTeX Warning: Marginpar on page 4 moved.


LaTeX Warning: Marginpar on page 4 moved.


Underfull \hbox (badness 2343) in paragraph at lines 71--72
\OT1/cmr/m/n/10.95 noun word (for polysyn-thetic lan-
 []


Underfull \hbox (badness 10000) in paragraph at lines 72--72
[]\OT1/cmr/bx/n/10.95 Anaphoric
 []


Underfull \hbox (badness 10000) in paragraph at lines 72--72
\OT1/cmr/bx/n/10.95 cl-i-tics \OT1/cmr/m/n/10.95 are
 []


Underfull \hbox (badness 10000) in paragraph at lines 72--72
\OT1/cmr/m/n/10.95 pro-nouns
 []


Underfull \hbox (badness 10000) in paragraph at lines 72--72
\OT1/cmr/m/n/10.95 that must
 []


Underfull \hbox (badness 10000) in paragraph at lines 72--72
\OT1/cmr/m/n/10.95 to an-other
 []


LaTeX Warning: Marginpar on page 4 moved.


Underfull \hbox (badness 1383) in paragraph at lines 77--78
[]\OT1/cmr/m/n/10.95 What are the ma-jor sub-classes of
 []


Underfull \hbox (badness 1067) in paragraph at lines 80--81
[]| \OT1/cmr/m/n/10.95 se-man-tic role mark-ers (ap-plica-
 []

[4]
Underfull \hbox (badness 10000) in paragraph at lines 90--91
[]\OT1/cmr/m/n/10.95 Give charts of the var-i-ous
 []


Underfull \hbox (badness 6477) in paragraph at lines 90--91
\OT1/cmr/m/n/10.95 paradigms, e.g., per-son mark-ing,
 []


Underfull \hbox (badness 4872) in paragraph at lines 90--91
\OT1/cmr/m/n/10.95 tense/aspect/mode etc. In-di-cate
 []


Underfull \hbox (badness 3919) in paragraph at lines 105--106
\OT1/cmr/m/n/10.95 count with-out re-sort-ing ei-ther to
 []


Underfull \hbox (badness 10000) in paragraph at lines 107--107
[]\OT1/cmr/bx/n/10.95 Types of
 []


Underfull \hbox (badness 10000) in paragraph at lines 107--107
\OT1/cmr/bx/n/10.95 ad-verbs
 []


Underfull \hbox (badness 10000) in paragraph at lines 107--107
\OT1/cmr/m/n/10.95 in-clude
 []


Underfull \hbox (badness 10000) in paragraph at lines 107--107
\OT1/cmr/bx/n/10.95 man-ner
 []


Underfull \hbox (badness 10000) in paragraph at lines 107--107
\OT1/cmr/m/n/10.95 (\OT1/cmr/m/it/10.95 quickly,
 []


Underfull \hbox (badness 10000) in paragraph at lines 107--107
\OT1/cmr/m/it/10.95 slowly,
 []


Underfull \hbox (badness 10000) in paragraph at lines 107--107
\OT1/cmr/m/it/10.95 pa-tiently,
 []


Underfull \hbox (badness 2608) in paragraph at lines 107--107
\OT1/cmr/m/it/10.95 etc\OT1/cmr/m/n/10.95 ), \OT1/cmr/bx/n/10.95 time\OT1/cmr/m
/n/10.95 ,
 []


Underfull \hbox (badness 10000) in paragraph at lines 107--107
\OT1/cmr/bx/n/10.95 di-rec-tion
 []


Underfull \hbox (badness 10000) in paragraph at lines 107--107
\OT1/cmr/bx/n/10.95 /lo-ca-tion\OT1/cmr/m/n/10.95 ,
 []


Underfull \hbox (badness 10000) in paragraph at lines 107--107
\OT1/cmr/m/n/10.95 and \OT1/cmr/bx/n/10.95 ev-
 []


Underfull \hbox (badness 10000) in paragraph at lines 107--107
\OT1/cmr/bx/n/10.95 i-den-tial
 []


Underfull \hbox (badness 10000) in paragraph at lines 107--107
\OT1/cmr/bx/n/10.95 /epis-temic
 []


Underfull \hbox (badness 10000) in paragraph at lines 107--107
\OT1/cmr/m/n/10.95 (in-di-cates
 []


Underfull \hbox (badness 10000) in paragraph at lines 107--107
\OT1/cmr/m/n/10.95 in-for-ma-tion
 []


Underfull \hbox (badness 10000) in paragraph at lines 107--107
\OT1/cmr/m/n/10.95 - hearsay,
 []


Underfull \hbox (badness 10000) in paragraph at lines 107--107
\OT1/cmr/m/n/10.95 first-hand,
 []


Underfull \hbox (badness 10000) in paragraph at lines 107--107
\OT1/cmr/m/n/10.95 second-
 []


Underfull \hbox (badness 10000) in paragraph at lines 107--107
\OT1/cmr/m/n/10.95 hand, or
 []

[5]
Underfull \hbox (badness 1521) in paragraph at lines 117--118
[]\OT1/cmr/bx/n/10.95 Question spe-cific to the main
 []


Underfull \hbox (badness 5970) in paragraph at lines 128--129
[]\OT1/cmr/m/n/10.95 Does the lan-guage have one or
 []


Underfull \hbox (badness 5924) in paragraph at lines 128--129
\OT1/cmr/m/n/10.95 more gram-mat-i-cal-ized com-par-a-tive
 []


Underfull \hbox (badness 1377) in paragraph at lines 133--133
[]\OT1/cmr/bx/n/10.95 The 3 el-
 []


Underfull \hbox (badness 3492) in paragraph at lines 133--133
\OT1/cmr/bx/n/10.95 e-ments of
 []


Underfull \hbox (badness 10000) in paragraph at lines 133--133
\OT1/cmr/bx/n/10.95 com-par-i-
 []


Underfull \hbox (badness 10000) in paragraph at lines 133--133
[]\OT1/cmr/m/n/10.95 (1) the
 []


Underfull \hbox (badness 10000) in paragraph at lines 133--133
\OT1/cmr/m/n/10.95 known
 []


Underfull \hbox (badness 10000) in paragraph at lines 133--133
\OT1/cmr/bx/n/10.95 stan-dard
 []


Underfull \hbox (badness 10000) in paragraph at lines 133--133
\OT1/cmr/m/n/10.95 against
 []


Underfull \hbox (badness 10000) in paragraph at lines 133--133
\OT1/cmr/m/n/10.95 which the
 []


Underfull \hbox (badness 10000) in paragraph at lines 133--133
\OT1/cmr/m/n/10.95 sub-ject is
 []


Underfull \hbox (badness 10000) in paragraph at lines 133--133
\OT1/cmr/m/n/10.95 com-pared;
 []


Underfull \hbox (badness 10000) in paragraph at lines 133--133
\OT1/cmr/m/n/10.95 (2) the
 []


Underfull \hbox (badness 10000) in paragraph at lines 133--133
\OT1/cmr/bx/n/10.95 marker
 []


Underfull \hbox (badness 10000) in paragraph at lines 133--133
\OT1/cmr/m/n/10.95 that sig-
 []


Underfull \hbox (badness 10000) in paragraph at lines 133--133
\OT1/cmr/m/n/10.95 nals that
 []


Underfull \hbox (badness 10000) in paragraph at lines 133--133
\OT1/cmr/m/n/10.95 the clause
 []


Underfull \hbox (badness 10000) in paragraph at lines 133--133
\OT1/cmr/m/n/10.95 is com-
 []


Underfull \hbox (badness 10000) in paragraph at lines 133--133
\OT1/cmr/m/n/10.95 par-a-tive,
 []


Underfull \hbox (badness 10000) in paragraph at lines 133--133
[]\OT1/cmr/m/n/10.95 (3) the
 []


Underfull \hbox (badness 10000) in paragraph at lines 133--133
\OT1/cmr/bx/n/10.95 qual-ity
 []


Underfull \hbox (badness 10000) in paragraph at lines 133--133
\OT1/cmr/m/n/10.95 by which
 []


Underfull \hbox (badness 4429) in paragraph at lines 133--133
\OT1/cmr/m/n/10.95 the sub-ject
 []


Underfull \hbox (badness 10000) in paragraph at lines 133--133
\OT1/cmr/m/n/10.95 is com-
 []


Underfull \hbox (badness 2221) in paragraph at lines 143--144
[]\OT1/cmr/m/n/10.95 Is there noun-verb (or verb-noun)
 []

[6]
Underfull \hbox (badness 2293) in paragraph at lines 151--152
[]\OT1/cmr/m/n/10.95 Is num-ber ex-pressed in the noun
 []


Underfull \hbox (badness 2310) in paragraph at lines 155--156
[]\OT1/cmr/m/n/10.95 What non-singular dis-tinc-tions are
 []

[7]
Underfull \hbox (badness 10000) in paragraph at lines 191--191
[]\OT1/cmr/bx/n/10.95 Proper
 []


Underfull \hbox (badness 10000) in paragraph at lines 191--191
\OT1/cmr/m/n/10.95 cific en-tity
 []


Underfull \hbox (badness 10000) in paragraph at lines 191--191
\OT1/cmr/m/n/10.95 is as-serted
 []


Underfull \hbox (badness 10000) in paragraph at lines 191--191
\OT1/cmr/m/n/10.95 the class
 []


Underfull \hbox (badness 10000) in paragraph at lines 191--191
\OT1/cmr/m/n/10.95 of items
 []


Underfull \hbox (badness 4429) in paragraph at lines 191--191
\OT1/cmr/m/n/10.95 spec-i-fied in
 []


Underfull \hbox (badness 10000) in paragraph at lines 191--191
\OT1/cmr/m/n/10.95 pred-i-cate.
 []


Underfull \hbox (badness 10000) in paragraph at lines 191--191
\OT1/cmr/m/n/10.95 For ex-am-
 []


Underfull \hbox (badness 10000) in paragraph at lines 191--191
\OT1/cmr/m/n/10.95 ple \OT1/cmr/m/it/10.95 He is
 []


Underfull \hbox (badness 10000) in paragraph at lines 191--191
\OT1/cmr/m/it/10.95 a teacher
 []


Underfull \hbox (badness 10000) in paragraph at lines 191--191
\OT1/cmr/m/n/10.95 might be
 []


Underfull \hbox (badness 10000) in paragraph at lines 191--191
\OT1/cmr/m/n/10.95 para-phrased
 []


Underfull \hbox (badness 10000) in paragraph at lines 191--191
\OT1/cmr/m/n/10.95 "he is a
 []


Underfull \hbox (badness 10000) in paragraph at lines 191--191
\OT1/cmr/m/n/10.95 mem-ber of
 []


Underfull \hbox (badness 10000) in paragraph at lines 191--191
\OT1/cmr/m/n/10.95 the class
 []


Underfull \hbox (badness 10000) in paragraph at lines 191--191
\OT1/cmr/m/n/10.95 of items
 []


Underfull \hbox (badness 10000) in paragraph at lines 191--191
\OT1/cmr/m/n/10.95 des-ig-nated
 []


Underfull \hbox (badness 10000) in paragraph at lines 191--191
[]\OT1/cmr/bx/n/10.95 Equative
 []


Underfull \hbox (badness 10000) in paragraph at lines 191--191
\OT1/cmr/m/n/10.95 say that
 []


Underfull \hbox (badness 10000) in paragraph at lines 191--191
\OT1/cmr/m/n/10.95 one thing
 []


Underfull \hbox (badness 10000) in paragraph at lines 191--191
\OT1/cmr/m/n/10.95 is iden-ti-cal
 []


Underfull \hbox (badness 5147) in paragraph at lines 191--191
\OT1/cmr/m/n/10.95 to an-other.
 []


Underfull \hbox (badness 10000) in paragraph at lines 191--191
\OT1/cmr/m/it/10.95 my fa-ther.
 []


Underfull \hbox (badness 10000) in paragraph at lines 191--191
[]\OT1/cmr/bx/n/10.95 NOTE:
 []


Underfull \hbox (badness 10000) in paragraph at lines 191--191
\OT1/cmr/bx/n/10.95 MOST
 []


Underfull \hbox (badness 10000) in paragraph at lines 191--191
\OT1/cmr/bx/n/10.95 LAN-
 []


Underfull \hbox (badness 10000) in paragraph at lines 191--191
\OT1/cmr/bx/n/10.95 GUAGES
 []


Underfull \hbox (badness 6332) in paragraph at lines 191--191
\OT1/cmr/bx/n/10.95 DO NOT
 []


Underfull \hbox (badness 10000) in paragraph at lines 191--191
\OT1/cmr/bx/n/10.95 DIS-TIN-
 []


Underfull \hbox (badness 10000) in paragraph at lines 191--191
\OT1/cmr/bx/n/10.95 GUISH
 []


Underfull \hbox (badness 10000) in paragraph at lines 191--191
\OT1/cmr/bx/n/10.95 THE
 []


Underfull \hbox (badness 10000) in paragraph at lines 202--203
\OT1/cmr/m/n/10.95 (Give ex-am-ples in dif-fer-ent
 []


Underfull \hbox (badness 10000) in paragraph at lines 202--203
\OT1/cmr/m/n/10.95 tense/aspects, es-pe-cially if there
 []

[8] [9

] ("C:\Users\xrain_000\Documents\morphosyntax\Conlang questions.aux") ) 
Here is how much of TeX's memory you used:
 11698 strings out of 493921
 222121 string characters out of 3147270
 312388 words of memory out of 3000000
 14781 multiletter control sequences out of 15000+200000
 9786 words of font info for 34 fonts, out of 3000000 for 9000
 841 hyphenation exceptions out of 8191
 74i,9n,77p,460b,902s stack positions out of 5000i,500n,10000p,200000b,50000s
<C:/Prog
ram Files/MiKTeX 2.9/fonts/type1/public/amsfonts/cm/cmbx10.pfb><C:/Program File
s/MiKTeX 2.9/fonts/type1/public/amsfonts/cm/cmbxti10.pfb><C:/Program Files/MiKT
eX 2.9/fonts/type1/public/amsfonts/cm/cmr10.pfb><C:/Program Files/MiKTeX 2.9/fo
nts/type1/public/amsfonts/cm/cmr12.pfb><C:/Program Files/MiKTeX 2.9/fonts/type1
/public/amsfonts/cm/cmssbx10.pfb><C:/Program Files/MiKTeX 2.9/fonts/type1/publi
c/amsfonts/cm/cmti10.pfb>
Output written on "Conlang questions.pdf" (9 pages, 113748 bytes).
PDF statistics:
 59 PDF objects out of 1000 (max. 8388607)
 0 named destinations out of 1000 (max. 500000)
 13 words of extra memory for PDF output out of 10000 (max. 10000000)

